<?xml version="1.0" encoding="UTF-8"?>
<testsuite xmlns:xsi="http://www.w3.org/2001/XMLSchema-instance" xsi:noNamespaceSchemaLocation="https://maven.apache.org/surefire/maven-surefire-plugin/xsd/surefire-test-report.xsd" name="v2.button.panic.CosmicFinalExamTest" time="0.026" tests="31" errors="0" skipped="0" failures="0">
  <properties>
[...]
</properties>
  <testcase name="testDrawPyramidStandardCase" classname="v2.button.panic.CosmicFinalExamTest" time="0.006"/>
  <testcase name="testDrawPyramidLarge" classname="v2.button.panic.CosmicFinalExamTest" time="0"/>
  <testcase name="testTagIn" classname="v2.button.panic.CosmicFinalExamTest" time="0.001"/>
  <testcase name="testVelocityExtremeValues" classname="v2.button.panic.CosmicFinalExamTest" time="0"/>
  <testcase name="testLawOfGravityZeroDistance" classname="v2.button.panic.CosmicFinalExamTest" time="0.001"/>
  <testcase name="testTagInAndTagOutDeductsDestinationFare" classname="v2.button.panic.CosmicFinalExamTest" time="0"/>
  <testcase name="testDrawPyramidZeroHeight" classname="v2.button.panic.CosmicFinalExamTest" time="0"/>
  <testcase name="testLawOfGravityStandardCase" classname="v2.button.panic.CosmicFinalExamTest" time="0"/>
  <testcase name="testCaesarCipherEdgeCases" classname="v2.button.panic.CosmicFinalExamTest" time="0"/>
  <testcase name="testLawOfGravityZeroMass" classname="v2.button.panic.CosmicFinalExamTest" time="0"/>
  <testcase name="testIsPrimeEdgeCases" classname="v2.button.panic.CosmicFinalExamTest" time="0.001"/>
  <testcase name="testIsPrimeStandardCases" classname="v2.button.panic.CosmicFinalExamTest" time="0"/>
  <testcase name="testTagOutCaseInsensitiveDestination" classname="v2.button.panic.CosmicFinalExamTest" time="0"/>
  <testcase name="testTransferRejectsNegativeBalances" classname="v2.button.panic.CosmicFinalExamTest" time="0.001"/>
  <testcase name="testVelocityRejectsZeroTime" classname="v2.button.panic.CosmicFinalExamTest" time="0"/>
  <testcase name="testWelcome" classname="v2.button.panic.CosmicFinalExamTest" time="0.001"/>
  <testcase name="testIsPrimePerformance" classname="v2.button.panic.CosmicFinalExamTest" time="0"/>
  <testcase name="testIsPrimeMethodLength" classname="v2.button.panic.CosmicFinalExamTest" time="0.005"/>
  <testcase name="testVelocityStandardCase" classname="v2.button.panic.CosmicFinalExamTest" time="0"/>
  <testcase name="testCaesarCipherStandardCase" classname="v2.button.panic.CosmicFinalExamTest" time="0"/>
  <testcase name="testTransferDeductsExactly2Orglings" classname="v2.button.panic.CosmicFinalExamTest" time="0.001"/>
  <testcase name="testDrawPyramidRejectsNegativeHeight" classname="v2.button.panic.CosmicFinalExamTest" time="0"/>
  <testcase name="testOrglingPresentationEasy" classname="v2.button.panic.CosmicFinalExamTest" time="0"/>
  <testcase name="testOrglingPresentationHard" classname="v2.button.panic.CosmicFinalExamTest" time="0"/>
  <testcase name="testTagInRejectsNegativeBalances" classname="v2.button.panic.CosmicFinalExamTest" time="0"/>
  <testcase name="testOrglingPresentationMedium" classname="v2.button.panic.CosmicFinalExamTest" time="0"/>
  <testcase name="testTagOutRejectsNegativeBalances" classname="v2.button.panic.CosmicFinalExamTest" time="0.001"/>
  <testcase name="testLawOfGravitySmallValues" classname="v2.button.panic.CosmicFinalExamTest" time="0"/>
  <testcase name="testDrawPyramidHeightOne" classname="v2.button.panic.CosmicFinalExamTest" time="0"/>
  <testcase name="testCaesarCipherNegativeShift" classname="v2.button.panic.CosmicFinalExamTest" time="0.001"/>
  <testcase name="testTagOutDeductsDestinationFare" classname="v2.button.panic.CosmicFinalExamTest" time="0"/>
</testsuite>